{
"contracts/VotingPower.sol":{"l":{"50":26,"51":24,"52":24,"53":24,"54":24,"63":16,"72":16,"81":16,"82":16,"83":2,"85":14,"92":16,"101":13,"102":11,"103":11,"104":11,"105":11,"106":11,"107":11,"108":11,"109":11,"110":11,"122":12,"123":10,"125":10,"127":10,"128":10,"129":10,"130":10,"131":10,"132":10,"133":10,"140":9,"141":7,"142":3,"143":3,"144":3,"145":3,"146":3,"156":12,"157":10,"159":6,"160":6,"161":6,"162":6,"163":6,"170":3,"177":1,"183":3,"189":1},"path":"/Users/gares/Documents/OpenDefi/dao_code/voting-power-staking/contracts/VotingPower.sol","s":{"1":26,"2":24,"3":24,"4":24,"5":24,"6":16,"7":16,"8":16,"9":16,"10":2,"11":14,"12":16,"13":13,"14":11,"15":11,"16":11,"17":11,"18":11,"19":11,"20":11,"21":11,"22":11,"23":12,"24":10,"25":10,"26":10,"27":10,"28":10,"29":10,"30":10,"31":10,"32":10,"33":9,"34":7,"35":3,"36":3,"37":3,"38":3,"39":3,"40":12,"41":10,"42":6,"43":6,"44":6,"45":6,"46":6,"47":3,"48":1,"49":3,"50":1},"b":{"1":[24,2],"2":[2,14],"3":[11,2],"4":[11,0],"5":[10,2],"6":[10,0],"7":[7,2],"8":[3,4],"9":[10,2],"10":[6,4]},"f":{"1":26,"2":16,"3":16,"4":16,"5":16,"6":13,"7":12,"8":9,"9":12,"10":3,"11":1,"12":3,"13":1},"fnMap":{"1":{"name":"constructor","line":49,"loc":{"start":{"line":49,"column":4},"end":{"line":55,"column":4}}},"2":{"name":"votingPower","line":62,"loc":{"start":{"line":62,"column":4},"end":{"line":64,"column":4}}},"3":{"name":"_votingPowerStaked","line":71,"loc":{"start":{"line":71,"column":4},"end":{"line":73,"column":4}}},"4":{"name":"_votingPowerLocked","line":80,"loc":{"start":{"line":80,"column":4},"end":{"line":86,"column":4}}},"5":{"name":"_currentEpoch","line":91,"loc":{"start":{"line":91,"column":4},"end":{"line":93,"column":4}}},"6":{"name":"stake","line":100,"loc":{"start":{"line":100,"column":4},"end":{"line":111,"column":4}}},"7":{"name":"stakeFor","line":121,"loc":{"start":{"line":121,"column":4},"end":{"line":134,"column":4}}},"8":{"name":"unstake","line":139,"loc":{"start":{"line":139,"column":4},"end":{"line":147,"column":4}}},"9":{"name":"unstakeFor","line":155,"loc":{"start":{"line":155,"column":4},"end":{"line":164,"column":4}}},"10":{"name":"totalStakedFor","line":169,"loc":{"start":{"line":169,"column":4},"end":{"line":171,"column":4}}},"11":{"name":"stakedFor","line":176,"loc":{"start":{"line":176,"column":4},"end":{"line":178,"column":4}}},"12":{"name":"totalStaked","line":182,"loc":{"start":{"line":182,"column":4},"end":{"line":184,"column":4}}},"13":{"name":"token","line":188,"loc":{"start":{"line":188,"column":4},"end":{"line":190,"column":4}}}},"statementMap":{"1":{"start":{"line":50,"column":8},"end":{"line":50,"column":26}},"2":{"start":{"line":51,"column":8},"end":{"line":51,"column":30}},"3":{"start":{"line":52,"column":8},"end":{"line":52,"column":37}},"4":{"start":{"line":53,"column":8},"end":{"line":53,"column":36}},"5":{"start":{"line":54,"column":8},"end":{"line":54,"column":27}},"6":{"start":{"line":63,"column":8},"end":{"line":63,"column":64}},"7":{"start":{"line":72,"column":8},"end":{"line":72,"column":37}},"8":{"start":{"line":81,"column":8},"end":{"line":81,"column":39}},"9":{"start":{"line":82,"column":8},"end":{"line":82,"column":2997}},"10":{"start":{"line":83,"column":12},"end":{"line":83,"column":65}},"11":{"start":{"line":85,"column":8},"end":{"line":85,"column":104}},"12":{"start":{"line":92,"column":8},"end":{"line":92,"column":59}},"13":{"start":{"line":101,"column":8},"end":{"line":101,"column":44}},"14":{"start":{"line":102,"column":8},"end":{"line":102,"column":72}},"15":{"start":{"line":103,"column":8},"end":{"line":103,"column":66}},"16":{"start":{"line":104,"column":8},"end":{"line":104,"column":86}},"17":{"start":{"line":105,"column":8},"end":{"line":105,"column":31}},"18":{"start":{"line":106,"column":8},"end":{"line":106,"column":82}},"19":{"start":{"line":107,"column":8},"end":{"line":107,"column":110}},"20":{"start":{"line":108,"column":8},"end":{"line":108,"column":48}},"21":{"start":{"line":109,"column":8},"end":{"line":109,"column":68}},"22":{"start":{"line":110,"column":8},"end":{"line":110,"column":26}},"23":{"start":{"line":122,"column":8},"end":{"line":122,"column":44}},"24":{"start":{"line":123,"column":8},"end":{"line":123,"column":72}},"25":{"start":{"line":125,"column":8},"end":{"line":125,"column":62}},"26":{"start":{"line":127,"column":8},"end":{"line":127,"column":86}},"27":{"start":{"line":128,"column":8},"end":{"line":128,"column":31}},"28":{"start":{"line":129,"column":8},"end":{"line":129,"column":72}},"29":{"start":{"line":130,"column":8},"end":{"line":130,"column":100}},"30":{"start":{"line":131,"column":8},"end":{"line":131,"column":48}},"31":{"start":{"line":132,"column":8},"end":{"line":132,"column":59}},"32":{"start":{"line":133,"column":8},"end":{"line":133,"column":26}},"33":{"start":{"line":140,"column":8},"end":{"line":140,"column":46}},"34":{"start":{"line":141,"column":8},"end":{"line":141,"column":102}},"35":{"start":{"line":142,"column":8},"end":{"line":142,"column":47}},"36":{"start":{"line":143,"column":8},"end":{"line":143,"column":77}},"37":{"start":{"line":144,"column":8},"end":{"line":144,"column":105}},"38":{"start":{"line":145,"column":8},"end":{"line":145,"column":43}},"39":{"start":{"line":146,"column":8},"end":{"line":146,"column":64}},"40":{"start":{"line":156,"column":8},"end":{"line":156,"column":46}},"41":{"start":{"line":157,"column":8},"end":{"line":157,"column":97}},"42":{"start":{"line":159,"column":8},"end":{"line":159,"column":42}},"43":{"start":{"line":160,"column":8},"end":{"line":160,"column":67}},"44":{"start":{"line":161,"column":8},"end":{"line":161,"column":95}},"45":{"start":{"line":162,"column":8},"end":{"line":162,"column":43}},"46":{"start":{"line":163,"column":8},"end":{"line":163,"column":56}},"47":{"start":{"line":170,"column":8},"end":{"line":170,"column":38}},"48":{"start":{"line":177,"column":8},"end":{"line":177,"column":50}},"49":{"start":{"line":183,"column":8},"end":{"line":183,"column":27}},"50":{"start":{"line":189,"column":8},"end":{"line":189,"column":30}}},"branchMap":{"1":{"line":50,"type":"if","locations":[{"start":{"line":50,"column":8},"end":{"line":50,"column":8}},{"start":{"line":50,"column":8},"end":{"line":50,"column":8}}]},"2":{"line":82,"type":"if","locations":[{"start":{"line":82,"column":8},"end":{"line":82,"column":8}},{"start":{"line":82,"column":8},"end":{"line":82,"column":8}}]},"3":{"line":101,"type":"if","locations":[{"start":{"line":101,"column":8},"end":{"line":101,"column":8}},{"start":{"line":101,"column":8},"end":{"line":101,"column":8}}]},"4":{"line":105,"type":"if","locations":[{"start":{"line":105,"column":8},"end":{"line":105,"column":8}},{"start":{"line":105,"column":8},"end":{"line":105,"column":8}}]},"5":{"line":122,"type":"if","locations":[{"start":{"line":122,"column":8},"end":{"line":122,"column":8}},{"start":{"line":122,"column":8},"end":{"line":122,"column":8}}]},"6":{"line":128,"type":"if","locations":[{"start":{"line":128,"column":8},"end":{"line":128,"column":8}},{"start":{"line":128,"column":8},"end":{"line":128,"column":8}}]},"7":{"line":140,"type":"if","locations":[{"start":{"line":140,"column":8},"end":{"line":140,"column":8}},{"start":{"line":140,"column":8},"end":{"line":140,"column":8}}]},"8":{"line":141,"type":"if","locations":[{"start":{"line":141,"column":8},"end":{"line":141,"column":8}},{"start":{"line":141,"column":8},"end":{"line":141,"column":8}}]},"9":{"line":156,"type":"if","locations":[{"start":{"line":156,"column":8},"end":{"line":156,"column":8}},{"start":{"line":156,"column":8},"end":{"line":156,"column":8}}]},"10":{"line":157,"type":"if","locations":[{"start":{"line":157,"column":8},"end":{"line":157,"column":8}},{"start":{"line":157,"column":8},"end":{"line":157,"column":8}}]}}}}
