TN:
SF:/Users/gares/Documents/OpenDefi/dao_code/voting-power-staking/contracts/VotingPower.sol
FN:49,constructor
FN:62,votingPower
FN:71,_votingPowerStaked
FN:80,_votingPowerLocked
FN:91,_currentEpoch
FN:100,stake
FN:121,stakeFor
FN:139,unstake
FN:155,unstakeFor
FN:169,totalStakedFor
FN:176,stakedFor
FN:182,totalStaked
FN:188,token
FNF:13
FNH:13
FNDA:26,constructor
FNDA:16,votingPower
FNDA:16,_votingPowerStaked
FNDA:16,_votingPowerLocked
FNDA:16,_currentEpoch
FNDA:13,stake
FNDA:12,stakeFor
FNDA:9,unstake
FNDA:12,unstakeFor
FNDA:3,totalStakedFor
FNDA:1,stakedFor
FNDA:3,totalStaked
FNDA:1,token
DA:50,26
DA:51,24
DA:52,24
DA:53,24
DA:54,24
DA:63,16
DA:72,16
DA:81,16
DA:82,16
DA:83,2
DA:85,14
DA:92,16
DA:101,13
DA:102,11
DA:103,11
DA:104,11
DA:105,11
DA:106,11
DA:107,11
DA:108,11
DA:109,11
DA:110,11
DA:122,12
DA:123,10
DA:125,10
DA:127,10
DA:128,10
DA:129,10
DA:130,10
DA:131,10
DA:132,10
DA:133,10
DA:140,9
DA:141,7
DA:142,3
DA:143,3
DA:144,3
DA:145,3
DA:146,3
DA:156,12
DA:157,10
DA:159,6
DA:160,6
DA:161,6
DA:162,6
DA:163,6
DA:170,3
DA:177,1
DA:183,3
DA:189,1
LF:50
LH:50
BRDA:50,1,0,24
BRDA:50,1,1,2
BRDA:82,2,0,2
BRDA:82,2,1,14
BRDA:101,3,0,11
BRDA:101,3,1,2
BRDA:105,4,0,11
BRDA:105,4,1,0
BRDA:122,5,0,10
BRDA:122,5,1,2
BRDA:128,6,0,10
BRDA:128,6,1,0
BRDA:140,7,0,7
BRDA:140,7,1,2
BRDA:141,8,0,3
BRDA:141,8,1,4
BRDA:156,9,0,10
BRDA:156,9,1,2
BRDA:157,10,0,6
BRDA:157,10,1,4
BRF:20
BRH:18
end_of_record
